Using pre-set license
Built from '2021.1/staging' branch; Version is '2021.1.12f1 (afcadd793de6) revision 11520733'; Using compiler version '192528614'; Build Type 'Release'
OS: 'Windows 10 Pro; OS build 19042.1110; Version 2009; 64bit' Language: 'en' Physical Memory: 16332 MB
BatchMode: 1, IsHumanControllingUs: 0, StartBugReporterOnCrash: 0, Is64bit: 1, IsPro: 0

 COMMAND LINE ARGUMENTS:
C:\Program Files\Unity\Hub\Editor\2021.1.12f1\Editor\Unity.exe
-adb2
-batchMode
-noUpm
-name
AssetImportWorker0
-projectPath
C:/Users/Joshu/Golf Game
-logFile
Logs/AssetImportWorker0.log
-srvPort
59660
Successfully changed project path to: C:/Users/Joshu/Golf Game
C:/Users/Joshu/Golf Game
Using Asset Import Pipeline V2.
Refreshing native plugins compatible for Editor in 60.26 ms, found 3 plugins.
Preloading 0 native plugins for Editor in 0.00 ms.
Initialize engine version: 2021.1.12f1 (afcadd793de6)
[Subsystems] Discovering subsystems at path C:/Program Files/Unity/Hub/Editor/2021.1.12f1/Editor/Data/Resources/UnitySubsystems
[Subsystems] Discovering subsystems at path C:/Users/Joshu/Golf Game/Assets
GfxDevice: creating device client; threaded=0; jobified=0
Direct3D:
    Version:  Direct3D 11.0 [level 11.1]
    Renderer: NVIDIA GeForce RTX 2080 Ti (ID=0x1e07)
    Vendor:   NVIDIA
    VRAM:     11048 MB
    Driver:   27.21.14.6663
Initialize mono
Mono path[0] = 'C:/Program Files/Unity/Hub/Editor/2021.1.12f1/Editor/Data/Managed'
Mono path[1] = 'C:/Program Files/Unity/Hub/Editor/2021.1.12f1/Editor/Data/MonoBleedingEdge/lib/mono/unityjit'
Mono config path = 'C:/Program Files/Unity/Hub/Editor/2021.1.12f1/Editor/Data/MonoBleedingEdge/etc'
Using monoOptions --debugger-agent=transport=dt_socket,embedding=1,server=y,suspend=n,address=127.0.0.1:56548
Begin MonoManager ReloadAssembly
Registering precompiled unity dll's ...
Register platform support module: C:/Program Files/Unity/Hub/Editor/2021.1.12f1/Editor/Data/PlaybackEngines/WindowsStandaloneSupport/UnityEditor.WindowsStandalone.Extensions.dll
Registered in 0.001713 seconds.
Native extension for WindowsStandalone target not found
Refreshing native plugins compatible for Editor in 58.91 ms, found 3 plugins.
Preloading 0 native plugins for Editor in 0.00 ms.
Mono: successfully reloaded assembly
- Completed reload, in  0.960 seconds
Domain Reload Profiling:
	ReloadAssembly (960ms)
		BeginReloadAssembly (42ms)
			ExecutionOrderSort (0ms)
			DisableScriptedObjects (0ms)
			BackupInstance (0ms)
			ReleaseScriptingObjects (0ms)
			CreateAndSetChildDomain (1ms)
		EndReloadAssembly (374ms)
			LoadAssemblies (40ms)
			RebuildTransferFunctionScriptingTraits (0ms)
			SetupTypeCache (141ms)
			ReleaseScriptCaches (0ms)
			RebuildScriptCaches (25ms)
			SetupLoadedEditorAssemblies (168ms)
				LogAssemblyErrors (0ms)
				InitializePlatformSupportModulesInManaged (5ms)
				SetLoadedEditorAssemblies (0ms)
				RefreshPlugins (59ms)
				BeforeProcessingInitializeOnLoad (1ms)
				ProcessInitializeOnLoadAttributes (78ms)
				ProcessInitializeOnLoadMethodAttributes (24ms)
				AfterProcessingInitializeOnLoad (0ms)
				EditorAssembliesLoaded (0ms)
			ExecutionOrderSort2 (0ms)
			AwakeInstancesAfterBackupRestoration (0ms)
Platform modules already initialized, skipping
Registering precompiled user dll's ...
Registered in 0.004692 seconds.
Begin MonoManager ReloadAssembly
Native extension for WindowsStandalone target not found
Refreshing native plugins compatible for Editor in 57.38 ms, found 3 plugins.
Preloading 0 native plugins for Editor in 0.00 ms.
Mono: successfully reloaded assembly
- Completed reload, in  0.996 seconds
Domain Reload Profiling:
	ReloadAssembly (997ms)
		BeginReloadAssembly (126ms)
			ExecutionOrderSort (0ms)
			DisableScriptedObjects (4ms)
			BackupInstance (0ms)
			ReleaseScriptingObjects (0ms)
			CreateAndSetChildDomain (19ms)
		EndReloadAssembly (815ms)
			LoadAssemblies (78ms)
			RebuildTransferFunctionScriptingTraits (0ms)
			SetupTypeCache (272ms)
			ReleaseScriptCaches (1ms)
			RebuildScriptCaches (48ms)
			SetupLoadedEditorAssemblies (329ms)
				LogAssemblyErrors (0ms)
				InitializePlatformSupportModulesInManaged (3ms)
				SetLoadedEditorAssemblies (0ms)
				RefreshPlugins (57ms)
				BeforeProcessingInitializeOnLoad (58ms)
				ProcessInitializeOnLoadAttributes (192ms)
				ProcessInitializeOnLoadMethodAttributes (12ms)
				AfterProcessingInitializeOnLoad (6ms)
				EditorAssembliesLoaded (0ms)
			ExecutionOrderSort2 (0ms)
			AwakeInstancesAfterBackupRestoration (5ms)
Platform modules already initialized, skipping
========================================================================
Worker process is ready to serve import requests
Launched and connected shader compiler UnityShaderCompiler.exe after 0.03 seconds
Refreshing native plugins compatible for Editor in 0.90 ms, found 3 plugins.
Preloading 0 native plugins for Editor in 0.00 ms.
Unloading 2790 Unused Serialized files (Serialized files now loaded: 0)
System memory in use before: 129.0 MB.
System memory in use after: 129.2 MB.

Unloading 50 unused Assets to reduce memory usage. Loaded Objects now: 3245.
Total: 2.453100 ms (FindLiveObjects: 0.248500 ms CreateObjectMapping: 0.069800 ms MarkObjects: 2.113500 ms  DeleteObjects: 0.020600 ms)

AssetImportParameters requested are different than current active one (requested -> active):
  custom:framework-win-MediaFoundation: 216162199b28c13a410421893ffa2e32 -> 
  custom:video-decoder-ogg-theora: a1e56fd34408186e4bbccfd4996cb3dc -> 
  custom:container-muxer-webm: aa71ff27fc2769a1b78a27578f13a17b -> 
  custom:container-demuxer-webm: 4f35f7cbe854078d1ac9338744f61a02 -> 
  custom:container-demuxer-ogg: 62fdf1f143b41e24485cea50d1cbac27 -> 
  custom:video-encoder-webm-vp8: eb34c28f22e8b96e1ab97ce403110664 -> 
  custom:video-decoder-webm-vp8: 9c59270c3fd7afecdb556c50c9e8de78 -> 
  custom:audio-decoder-ogg-vorbis: bf7c407c2cedff20999df2af8eb42d56 -> 
  custom:audio-encoder-webm-vorbis: bf7c407c2cedff20999df2af8eb42d56 -> 
========================================================================
Received Import Request.
  path: Assets/Scenes/New Scene.unity
  artifactKey: Guid(4224b9f958b56ee429370c4a83e5d249) Importer(815301076,1909f56bfc062723c751e8b465ee728b)
Start importing Assets/Scenes/New Scene.unity using Guid(4224b9f958b56ee429370c4a83e5d249) Importer(815301076,1909f56bfc062723c751e8b465ee728b)  -> (artifact id: '78ad9e98e03f6300305377d4a74b3f01') in 0.018520 seconds 
========================================================================
Received Import Request.
  Time since last request: 57.087727 seconds.
  path: Assets/Scenes/Battle.unity
  artifactKey: Guid(bd97ee99de0e9d4498b10836965a0c0b) Importer(815301076,1909f56bfc062723c751e8b465ee728b)
Start importing Assets/Scenes/Battle.unity using Guid(bd97ee99de0e9d4498b10836965a0c0b) Importer(815301076,1909f56bfc062723c751e8b465ee728b)  -> (artifact id: '5ef2d58d5f182eee1ef923f2e16363ac') in 0.006459 seconds 
========================================================================
Received Prepare
Registering precompiled user dll's ...
Registered in 0.004638 seconds.
Begin MonoManager ReloadAssembly
Native extension for WindowsStandalone target not found
Refreshing native plugins compatible for Editor in 0.86 ms, found 3 plugins.
Preloading 0 native plugins for Editor in 0.00 ms.
Fixing exec order for 
UnityEngine.StackTraceUtility:ExtractStackTrace ()
UnityEngine.DebugLogHandler:LogFormat (UnityEngine.LogType,UnityEngine.Object,string,object[])
UnityEngine.Logger:Log (UnityEngine.LogType,object)
UnityEngine.Debug:Log (object)
DevionGames.StatSystem.ExecutionOrderValidator:.cctor () (at Assets/Devion Games/Stat System/Scripts/Editor/ExecutionOrderValidator.cs:18)
System.Runtime.CompilerServices.RuntimeHelpers:RunClassConstructor (System.RuntimeTypeHandle)
UnityEditor.EditorAssemblies:ProcessInitializeOnLoadAttributes (System.Type[])

(Filename: Assets/Devion Games/Stat System/Scripts/Editor/ExecutionOrderValidator.cs Line: 18)

Mono: successfully reloaded assembly
- Completed reload, in  0.879 seconds
Domain Reload Profiling:
	ReloadAssembly (879ms)
		BeginReloadAssembly (102ms)
			ExecutionOrderSort (0ms)
			DisableScriptedObjects (5ms)
			BackupInstance (0ms)
			ReleaseScriptingObjects (0ms)
			CreateAndSetChildDomain (33ms)
		EndReloadAssembly (722ms)
			LoadAssemblies (72ms)
			RebuildTransferFunctionScriptingTraits (0ms)
			SetupTypeCache (261ms)
			ReleaseScriptCaches (1ms)
			RebuildScriptCaches (38ms)
			SetupLoadedEditorAssemblies (260ms)
				LogAssemblyErrors (0ms)
				InitializePlatformSupportModulesInManaged (4ms)
				SetLoadedEditorAssemblies (0ms)
				RefreshPlugins (1ms)
				BeforeProcessingInitializeOnLoad (49ms)
				ProcessInitializeOnLoadAttributes (193ms)
				ProcessInitializeOnLoadMethodAttributes (7ms)
				AfterProcessingInitializeOnLoad (6ms)
				EditorAssembliesLoaded (0ms)
			ExecutionOrderSort2 (0ms)
			AwakeInstancesAfterBackupRestoration (8ms)
Platform modules already initialized, skipping
Refreshing native plugins compatible for Editor in 0.87 ms, found 3 plugins.
Preloading 0 native plugins for Editor in 0.00 ms.
Unloading 2775 Unused Serialized files (Serialized files now loaded: 0)
System memory in use before: 128.1 MB.
System memory in use after: 128.3 MB.

Unloading 38 unused Assets to reduce memory usage. Loaded Objects now: 3250.
Total: 2.534600 ms (FindLiveObjects: 0.251700 ms CreateObjectMapping: 0.070800 ms MarkObjects: 2.191600 ms  DeleteObjects: 0.019700 ms)

AssetImportParameters requested are different than current active one (requested -> active):
  custom:framework-win-MediaFoundation: 216162199b28c13a410421893ffa2e32 -> 
  custom:video-decoder-ogg-theora: a1e56fd34408186e4bbccfd4996cb3dc -> 
  custom:container-muxer-webm: aa71ff27fc2769a1b78a27578f13a17b -> 
  custom:container-demuxer-webm: 4f35f7cbe854078d1ac9338744f61a02 -> 
  custom:container-demuxer-ogg: 62fdf1f143b41e24485cea50d1cbac27 -> 
  custom:video-encoder-webm-vp8: eb34c28f22e8b96e1ab97ce403110664 -> 
  custom:video-decoder-webm-vp8: 9c59270c3fd7afecdb556c50c9e8de78 -> 
  custom:audio-decoder-ogg-vorbis: bf7c407c2cedff20999df2af8eb42d56 -> 
  custom:audio-encoder-webm-vorbis: bf7c407c2cedff20999df2af8eb42d56 -> 
========================================================================
Received Import Request.
  Time since last request: 438.593419 seconds.
  path: Assets/Data/Equipment.json
  artifactKey: Guid(a9dab5316ead9ba428f962b18104e828) Importer(815301076,1909f56bfc062723c751e8b465ee728b)
Start importing Assets/Data/Equipment.json using Guid(a9dab5316ead9ba428f962b18104e828) Importer(815301076,1909f56bfc062723c751e8b465ee728b)  -> (artifact id: 'b74ba2000358b45b38aaca805f2d0b80') in 0.040214 seconds 
========================================================================
Received Prepare
Registering precompiled user dll's ...
Registered in 0.004534 seconds.
Begin MonoManager ReloadAssembly
Native extension for WindowsStandalone target not found
Refreshing native plugins compatible for Editor in 0.88 ms, found 3 plugins.
Preloading 0 native plugins for Editor in 0.00 ms.
Fixing exec order for 
UnityEngine.StackTraceUtility:ExtractStackTrace ()
UnityEngine.DebugLogHandler:LogFormat (UnityEngine.LogType,UnityEngine.Object,string,object[])
UnityEngine.Logger:Log (UnityEngine.LogType,object)
UnityEngine.Debug:Log (object)
DevionGames.StatSystem.ExecutionOrderValidator:.cctor () (at Assets/Devion Games/Stat System/Scripts/Editor/ExecutionOrderValidator.cs:18)
System.Runtime.CompilerServices.RuntimeHelpers:RunClassConstructor (System.RuntimeTypeHandle)
UnityEditor.EditorAssemblies:ProcessInitializeOnLoadAttributes (System.Type[])

(Filename: Assets/Devion Games/Stat System/Scripts/Editor/ExecutionOrderValidator.cs Line: 18)

Mono: successfully reloaded assembly
- Completed reload, in  0.875 seconds
Domain Reload Profiling:
	ReloadAssembly (876ms)
		BeginReloadAssembly (107ms)
			ExecutionOrderSort (0ms)
			DisableScriptedObjects (5ms)
			BackupInstance (0ms)
			ReleaseScriptingObjects (0ms)
			CreateAndSetChildDomain (35ms)
		EndReloadAssembly (711ms)
			LoadAssemblies (74ms)
			RebuildTransferFunctionScriptingTraits (0ms)
			SetupTypeCache (266ms)
			ReleaseScriptCaches (1ms)
			RebuildScriptCaches (38ms)
			SetupLoadedEditorAssemblies (245ms)
				LogAssemblyErrors (0ms)
				InitializePlatformSupportModulesInManaged (4ms)
				SetLoadedEditorAssemblies (0ms)
				RefreshPlugins (1ms)
				BeforeProcessingInitializeOnLoad (48ms)
				ProcessInitializeOnLoadAttributes (179ms)
				ProcessInitializeOnLoadMethodAttributes (7ms)
				AfterProcessingInitializeOnLoad (6ms)
				EditorAssembliesLoaded (0ms)
			ExecutionOrderSort2 (0ms)
			AwakeInstancesAfterBackupRestoration (8ms)
Platform modules already initialized, skipping
Refreshing native plugins compatible for Editor in 0.88 ms, found 3 plugins.
Preloading 0 native plugins for Editor in 0.00 ms.
Unloading 2775 Unused Serialized files (Serialized files now loaded: 0)
System memory in use before: 128.1 MB.
System memory in use after: 128.3 MB.

Unloading 38 unused Assets to reduce memory usage. Loaded Objects now: 3255.
Total: 2.427200 ms (FindLiveObjects: 0.261800 ms CreateObjectMapping: 0.069700 ms MarkObjects: 2.076300 ms  DeleteObjects: 0.018600 ms)

AssetImportParameters requested are different than current active one (requested -> active):
  custom:framework-win-MediaFoundation: 216162199b28c13a410421893ffa2e32 -> 
  custom:video-decoder-ogg-theora: a1e56fd34408186e4bbccfd4996cb3dc -> 
  custom:container-muxer-webm: aa71ff27fc2769a1b78a27578f13a17b -> 
  custom:container-demuxer-webm: 4f35f7cbe854078d1ac9338744f61a02 -> 
  custom:container-demuxer-ogg: 62fdf1f143b41e24485cea50d1cbac27 -> 
  custom:video-encoder-webm-vp8: eb34c28f22e8b96e1ab97ce403110664 -> 
  custom:video-decoder-webm-vp8: 9c59270c3fd7afecdb556c50c9e8de78 -> 
  custom:audio-decoder-ogg-vorbis: bf7c407c2cedff20999df2af8eb42d56 -> 
  custom:audio-encoder-webm-vorbis: bf7c407c2cedff20999df2af8eb42d56 -> 
========================================================================
Received Import Request.
  Time since last request: 163.564749 seconds.
  path: Assets/Data/Golf Game.asset
  artifactKey: Guid(9b82be2b32d4fdc47867623cb59bcef4) Importer(815301076,1909f56bfc062723c751e8b465ee728b)
Start importing Assets/Data/Golf Game.asset using Guid(9b82be2b32d4fdc47867623cb59bcef4) Importer(815301076,1909f56bfc062723c751e8b465ee728b)  -> (artifact id: '4ca3625e37c74d493a1cc0e9b1fad695') in 0.024070 seconds 
========================================================================
Received Import Request.
  Time since last request: 7.642059 seconds.
  path: Assets/Data/Golf Game.asset
  artifactKey: Guid(9b82be2b32d4fdc47867623cb59bcef4) Importer(815301076,1909f56bfc062723c751e8b465ee728b)
Start importing Assets/Data/Golf Game.asset using Guid(9b82be2b32d4fdc47867623cb59bcef4) Importer(815301076,1909f56bfc062723c751e8b465ee728b)  -> (artifact id: '82b087f271d0b54cb6fe76a9cba86540') in 0.002933 seconds 
========================================================================
Received Import Request.
  Time since last request: 8.789374 seconds.
  path: Assets/Data/Golf Game.asset
  artifactKey: Guid(9b82be2b32d4fdc47867623cb59bcef4) Importer(815301076,1909f56bfc062723c751e8b465ee728b)
Start importing Assets/Data/Golf Game.asset using Guid(9b82be2b32d4fdc47867623cb59bcef4) Importer(815301076,1909f56bfc062723c751e8b465ee728b)  -> (artifact id: '0d19f50ac35574629471bae0aec5fd6a') in 0.003489 seconds 
========================================================================
Received Import Request.
  Time since last request: 7.272167 seconds.
  path: Assets/Data/Golf Game.asset
  artifactKey: Guid(9b82be2b32d4fdc47867623cb59bcef4) Importer(815301076,1909f56bfc062723c751e8b465ee728b)
Start importing Assets/Data/Golf Game.asset using Guid(9b82be2b32d4fdc47867623cb59bcef4) Importer(815301076,1909f56bfc062723c751e8b465ee728b)  -> (artifact id: 'b68329322fe171109b99d77ed1de0426') in 0.003252 seconds 
========================================================================
Received Import Request.
  Time since last request: 67.887135 seconds.
  path: Assets/Data/Golf Game.asset
  artifactKey: Guid(9b82be2b32d4fdc47867623cb59bcef4) Importer(815301076,1909f56bfc062723c751e8b465ee728b)
Start importing Assets/Data/Golf Game.asset using Guid(9b82be2b32d4fdc47867623cb59bcef4) Importer(815301076,1909f56bfc062723c751e8b465ee728b)  -> (artifact id: '97b62ed7c8becf6b4a9464c12372ba60') in 0.002723 seconds 
========================================================================
Received Import Request.
  Time since last request: 45.417855 seconds.
  path: Assets/Data/Golf Game.asset
  artifactKey: Guid(9b82be2b32d4fdc47867623cb59bcef4) Importer(815301076,1909f56bfc062723c751e8b465ee728b)
Start importing Assets/Data/Golf Game.asset using Guid(9b82be2b32d4fdc47867623cb59bcef4) Importer(815301076,1909f56bfc062723c751e8b465ee728b)  -> (artifact id: '29532f8848cd48b5ad53250deb71755f') in 0.006128 seconds 
========================================================================
Received Import Request.
  Time since last request: 7.351777 seconds.
  path: Assets/Data/Golf Game.asset
  artifactKey: Guid(9b82be2b32d4fdc47867623cb59bcef4) Importer(815301076,1909f56bfc062723c751e8b465ee728b)
Start importing Assets/Data/Golf Game.asset using Guid(9b82be2b32d4fdc47867623cb59bcef4) Importer(815301076,1909f56bfc062723c751e8b465ee728b)  -> (artifact id: 'd134536890f1235e0f5143947be18fae') in 0.003648 seconds 
========================================================================
Received Import Request.
  Time since last request: 16.129296 seconds.
  path: Assets/Data/Golf Game.asset
  artifactKey: Guid(9b82be2b32d4fdc47867623cb59bcef4) Importer(815301076,1909f56bfc062723c751e8b465ee728b)
Start importing Assets/Data/Golf Game.asset using Guid(9b82be2b32d4fdc47867623cb59bcef4) Importer(815301076,1909f56bfc062723c751e8b465ee728b)  -> (artifact id: 'd4eb5cedebd94c0a4bc75f97b0de6a51') in 0.003027 seconds 
========================================================================
Received Import Request.
  Time since last request: 5.632977 seconds.
  path: Assets/Data/Golf Game.asset
  artifactKey: Guid(9b82be2b32d4fdc47867623cb59bcef4) Importer(815301076,1909f56bfc062723c751e8b465ee728b)
Start importing Assets/Data/Golf Game.asset using Guid(9b82be2b32d4fdc47867623cb59bcef4) Importer(815301076,1909f56bfc062723c751e8b465ee728b)  -> (artifact id: 'dc5e3bd552b87d50cccdf4640c950c3f') in 0.003218 seconds 
========================================================================
Received Import Request.
  Time since last request: 6.159461 seconds.
  path: Assets/Data/Golf Game.asset
  artifactKey: Guid(9b82be2b32d4fdc47867623cb59bcef4) Importer(815301076,1909f56bfc062723c751e8b465ee728b)
Start importing Assets/Data/Golf Game.asset using Guid(9b82be2b32d4fdc47867623cb59bcef4) Importer(815301076,1909f56bfc062723c751e8b465ee728b)  -> (artifact id: 'ba6a4f70bb5ef3bad280b16df6ee8b81') in 0.003266 seconds 
========================================================================
Received Import Request.
  Time since last request: 0.583871 seconds.
  path: Assets/Devion Games/Inventory System/Scripts/Runtime/DevionGames.InventorySystem.asmdef
  artifactKey: Guid(7e11b191bda03244cab010a91ca9c4d9) Importer(815301076,1909f56bfc062723c751e8b465ee728b)
Start importing Assets/Devion Games/Inventory System/Scripts/Runtime/DevionGames.InventorySystem.asmdef using Guid(7e11b191bda03244cab010a91ca9c4d9) Importer(815301076,1909f56bfc062723c751e8b465ee728b)  -> (artifact id: '0b57354972187adf8c7889eb7c46be93') in 0.007783 seconds 
========================================================================
Received Import Request.
  Time since last request: 25.134282 seconds.
  path: Assets/Devion Games/Inventory System/Examples/UI/Items/Arrow.png
  artifactKey: Guid(e50febd6717db2b43a8fa67d1259fa02) Importer(815301076,1909f56bfc062723c751e8b465ee728b)
Start importing Assets/Devion Games/Inventory System/Examples/UI/Items/Arrow.png using Guid(e50febd6717db2b43a8fa67d1259fa02) Importer(815301076,1909f56bfc062723c751e8b465ee728b)  -> (artifact id: '016d3bb44b4641635363e96eed23e546') in 0.086165 seconds 
========================================================================
Received Import Request.
  Time since last request: 0.000150 seconds.
  path: Assets/Devion Games/Inventory System/Examples/UI/Items/Campfire.png
  artifactKey: Guid(693293c396231194abeef3171f977485) Importer(815301076,1909f56bfc062723c751e8b465ee728b)
Start importing Assets/Devion Games/Inventory System/Examples/UI/Items/Campfire.png using Guid(693293c396231194abeef3171f977485) Importer(815301076,1909f56bfc062723c751e8b465ee728b)  -> (artifact id: 'e80407b4d2a6744bf6f4979e0a6f06b1') in 0.012911 seconds 
========================================================================
Received Import Request.
  Time since last request: 0.000187 seconds.
  path: Assets/Devion Games/Inventory System/Examples/UI/Items/Fence.png
  artifactKey: Guid(e536de7f3a37f304e81955e8deefe154) Importer(815301076,1909f56bfc062723c751e8b465ee728b)
Start importing Assets/Devion Games/Inventory System/Examples/UI/Items/Fence.png using Guid(e536de7f3a37f304e81955e8deefe154) Importer(815301076,1909f56bfc062723c751e8b465ee728b)  -> (artifact id: 'd8a247242395d0bcc6d78d3cffd713ed') in 0.012223 seconds 
========================================================================
Received Import Request.
  Time since last request: 0.000157 seconds.
  path: Assets/Devion Games/Inventory System/Examples/UI/Items/Bow.png
  artifactKey: Guid(5d7061fc7da05ce44add317708ec7215) Importer(815301076,1909f56bfc062723c751e8b465ee728b)
Start importing Assets/Devion Games/Inventory System/Examples/UI/Items/Bow.png using Guid(5d7061fc7da05ce44add317708ec7215) Importer(815301076,1909f56bfc062723c751e8b465ee728b)  -> (artifact id: 'df0c27a32e0225c647bb1f8b829e687e') in 0.017622 seconds 
========================================================================
Received Import Request.
  Time since last request: 0.000172 seconds.
  path: Assets/Devion Games/Inventory System/Examples/UI/Items/Shield.png
  artifactKey: Guid(b97c91e8b348f3f4ebdc11f5c82182cd) Importer(815301076,1909f56bfc062723c751e8b465ee728b)
Start importing Assets/Devion Games/Inventory System/Examples/UI/Items/Shield.png using Guid(b97c91e8b348f3f4ebdc11f5c82182cd) Importer(815301076,1909f56bfc062723c751e8b465ee728b)  -> (artifact id: 'a4b1be9688fed21f8f26ac1dc9f3b20f') in 0.014532 seconds 
========================================================================
Received Import Request.
  Time since last request: 0.000138 seconds.
  path: Assets/Devion Games/Inventory System/Examples/UI/Items/Raw Fish.png
  artifactKey: Guid(24ce0f2633d3bab4e9ba1db561b8b567) Importer(815301076,1909f56bfc062723c751e8b465ee728b)
Start importing Assets/Devion Games/Inventory System/Examples/UI/Items/Raw Fish.png using Guid(24ce0f2633d3bab4e9ba1db561b8b567) Importer(815301076,1909f56bfc062723c751e8b465ee728b)  -> (artifact id: '5152ff7a38a14081cf5cd1e91f8d392e') in 0.011891 seconds 
========================================================================
Received Import Request.
  Time since last request: 0.000171 seconds.
  path: Assets/Devion Games/Inventory System/Examples/UI/Items/Rune.png
  artifactKey: Guid(9e2c99a2f1ae70343ba923d766b9ead8) Importer(815301076,1909f56bfc062723c751e8b465ee728b)
Start importing Assets/Devion Games/Inventory System/Examples/UI/Items/Rune.png using Guid(9e2c99a2f1ae70343ba923d766b9ead8) Importer(815301076,1909f56bfc062723c751e8b465ee728b)  -> (artifact id: '2fd4514ad58f345fcb1e595d69b87919') in 0.013567 seconds 
========================================================================
Received Import Request.
  Time since last request: 0.000183 seconds.
  path: Assets/Devion Games/Inventory System/Examples/UI/Items/Copper.png
  artifactKey: Guid(c11ca993f17417d40bc0966f07565d84) Importer(815301076,1909f56bfc062723c751e8b465ee728b)
Start importing Assets/Devion Games/Inventory System/Examples/UI/Items/Copper.png using Guid(c11ca993f17417d40bc0966f07565d84) Importer(815301076,1909f56bfc062723c751e8b465ee728b)  -> (artifact id: '832c524c882cf2168c151e1d79c472ec') in 0.011379 seconds 
========================================================================
Received Import Request.
  Time since last request: 0.000168 seconds.
  path: Assets/Devion Games/Inventory System/Examples/UI/Items/Axe.png
  artifactKey: Guid(81e9ec1d21e1f8f43a06e7e75c17fc37) Importer(815301076,1909f56bfc062723c751e8b465ee728b)
Start importing Assets/Devion Games/Inventory System/Examples/UI/Items/Axe.png using Guid(81e9ec1d21e1f8f43a06e7e75c17fc37) Importer(815301076,1909f56bfc062723c751e8b465ee728b)  -> (artifact id: '404fe5e706e5f3cc96061cf674650be1') in 0.010638 seconds 
========================================================================
Received Import Request.
  Time since last request: 0.000179 seconds.
  path: Assets/Devion Games/Inventory System/Examples/UI/Items/Scoparius.png
  artifactKey: Guid(597ce5b3f1754db4799e0b0046802f23) Importer(815301076,1909f56bfc062723c751e8b465ee728b)
Start importing Assets/Devion Games/Inventory System/Examples/UI/Items/Scoparius.png using Guid(597ce5b3f1754db4799e0b0046802f23) Importer(815301076,1909f56bfc062723c751e8b465ee728b)  -> (artifact id: '95dcd1191b3a58e79e1fbb7a8fe7417f') in 0.013384 seconds 
========================================================================
Received Import Request.
  Time since last request: 0.000205 seconds.
  path: Assets/Devion Games/Inventory System/Examples/UI/Items/Pickaxe.png
  artifactKey: Guid(575a1e2821f78e24bb70f3ba24d83bde) Importer(815301076,1909f56bfc062723c751e8b465ee728b)
Start importing Assets/Devion Games/Inventory System/Examples/UI/Items/Pickaxe.png using Guid(575a1e2821f78e24bb70f3ba24d83bde) Importer(815301076,1909f56bfc062723c751e8b465ee728b)  -> (artifact id: '3205d1f0ecc04c413cb1d8cec5e8f6d3') in 0.010568 seconds 
========================================================================
Received Import Request.
  Time since last request: 0.000231 seconds.
  path: Assets/Devion Games/Inventory System/Examples/UI/Items/Scroll.png
  artifactKey: Guid(db427fab3e94daf4caa704d9314a77a1) Importer(815301076,1909f56bfc062723c751e8b465ee728b)
Start importing Assets/Devion Games/Inventory System/Examples/UI/Items/Scroll.png using Guid(db427fab3e94daf4caa704d9314a77a1) Importer(815301076,1909f56bfc062723c751e8b465ee728b)  -> (artifact id: 'e2edae575551e106cf488f6f57d5e79e') in 0.012495 seconds 
========================================================================
Received Import Request.
  Time since last request: 0.000162 seconds.
  path: Assets/Devion Games/Inventory System/Examples/UI/Items/Silver.png
  artifactKey: Guid(4d9c85175f3dfa0408f65c38dbdf69b4) Importer(815301076,1909f56bfc062723c751e8b465ee728b)
Start importing Assets/Devion Games/Inventory System/Examples/UI/Items/Silver.png using Guid(4d9c85175f3dfa0408f65c38dbdf69b4) Importer(815301076,1909f56bfc062723c751e8b465ee728b)  -> (artifact id: 'f8ea4e721987827f9cf8f3d4645bdef1') in 0.010322 seconds 
========================================================================
Received Import Request.
  Time since last request: 0.000143 seconds.
  path: Assets/Devion Games/Inventory System/Examples/UI/Items/Wood.png
  artifactKey: Guid(b69b1ca52acfaed43b07c602653a71fd) Importer(815301076,1909f56bfc062723c751e8b465ee728b)
Start importing Assets/Devion Games/Inventory System/Examples/UI/Items/Wood.png using Guid(b69b1ca52acfaed43b07c602653a71fd) Importer(815301076,1909f56bfc062723c751e8b465ee728b)  -> (artifact id: '8a4e84c70ef89cca8ea792a2a1b4ca5c') in 0.010803 seconds 
========================================================================
Received Import Request.
  Time since last request: 0.000154 seconds.
  path: Assets/Devion Games/Inventory System/Examples/UI/Items/Bread.png
  artifactKey: Guid(9d9a63f0c431ee549ae20aeda3236658) Importer(815301076,1909f56bfc062723c751e8b465ee728b)
Start importing Assets/Devion Games/Inventory System/Examples/UI/Items/Bread.png using Guid(9d9a63f0c431ee549ae20aeda3236658) Importer(815301076,1909f56bfc062723c751e8b465ee728b)  -> (artifact id: 'f224e756776b4008beaeb421f246f46c') in 0.016977 seconds 
========================================================================
Received Import Request.
  Time since last request: 0.000156 seconds.
  path: Assets/Devion Games/Inventory System/Examples/UI/Items/Cooked Fish.png
  artifactKey: Guid(d3316fbdddb3b5246996a2fcad5c47d9) Importer(815301076,1909f56bfc062723c751e8b465ee728b)
Start importing Assets/Devion Games/Inventory System/Examples/UI/Items/Cooked Fish.png using Guid(d3316fbdddb3b5246996a2fcad5c47d9) Importer(815301076,1909f56bfc062723c751e8b465ee728b)  -> (artifact id: '3d8353feecc875e9a727e072da1e2d05') in 0.012294 seconds 
========================================================================
Received Import Request.
  Time since last request: 0.000152 seconds.
  path: Assets/Devion Games/Inventory System/Examples/UI/Items/Health Potion.png
  artifactKey: Guid(fb38af54312632d47bc615bfe636f9a4) Importer(815301076,1909f56bfc062723c751e8b465ee728b)
Start importing Assets/Devion Games/Inventory System/Examples/UI/Items/Health Potion.png using Guid(fb38af54312632d47bc615bfe636f9a4) Importer(815301076,1909f56bfc062723c751e8b465ee728b)  -> (artifact id: '23f91e1158c6f2a86528e264ee6bf904') in 0.010887 seconds 
========================================================================
Received Import Request.
  Time since last request: 0.000149 seconds.
  path: Assets/Devion Games/Inventory System/Examples/UI/Items/Bowl.png
  artifactKey: Guid(a937ffac382045c4faf50a0158a078c7) Importer(815301076,1909f56bfc062723c751e8b465ee728b)
Start importing Assets/Devion Games/Inventory System/Examples/UI/Items/Bowl.png using Guid(a937ffac382045c4faf50a0158a078c7) Importer(815301076,1909f56bfc062723c751e8b465ee728b)  -> (artifact id: '967fb76bc8cb968b3e751f4a69c364fd') in 0.011102 seconds 
========================================================================
Received Import Request.
  Time since last request: 0.000169 seconds.
  path: Assets/Devion Games/Inventory System/Examples/UI/Items/Hammer.png
  artifactKey: Guid(f6293f20fd85aa143bead12afd67ebbb) Importer(815301076,1909f56bfc062723c751e8b465ee728b)
Start importing Assets/Devion Games/Inventory System/Examples/UI/Items/Hammer.png using Guid(f6293f20fd85aa143bead12afd67ebbb) Importer(815301076,1909f56bfc062723c751e8b465ee728b)  -> (artifact id: 'f7efe99c1e7dcb635f25845c66cd9083') in 0.010457 seconds 
========================================================================
Received Import Request.
  Time since last request: 0.000180 seconds.
  path: Assets/Devion Games/Inventory System/Examples/UI/Items/Spade.png
  artifactKey: Guid(fdda12142964ac04ca8ac75e9ba9e191) Importer(815301076,1909f56bfc062723c751e8b465ee728b)
Start importing Assets/Devion Games/Inventory System/Examples/UI/Items/Spade.png using Guid(fdda12142964ac04ca8ac75e9ba9e191) Importer(815301076,1909f56bfc062723c751e8b465ee728b)  -> (artifact id: '2eabd3c5b3e05c6b88febfbcfe2fbdd9') in 0.015765 seconds 
========================================================================
Received Import Request.
  Time since last request: 0.000152 seconds.
  path: Assets/Devion Games/Inventory System/Examples/UI/Items/Iron.png
  artifactKey: Guid(3e4fcc84a0ac95b429c56452575f6021) Importer(815301076,1909f56bfc062723c751e8b465ee728b)
Start importing Assets/Devion Games/Inventory System/Examples/UI/Items/Iron.png using Guid(3e4fcc84a0ac95b429c56452575f6021) Importer(815301076,1909f56bfc062723c751e8b465ee728b)  -> (artifact id: 'defa37c1191d2e1567516e4402e45f58') in 0.014550 seconds 
========================================================================
Received Import Request.
  Time since last request: 0.000124 seconds.
  path: Assets/Devion Games/Inventory System/Examples/UI/Items/Gold.png
  artifactKey: Guid(1da9f2b04608b044eb7f66ef739e8303) Importer(815301076,1909f56bfc062723c751e8b465ee728b)
Start importing Assets/Devion Games/Inventory System/Examples/UI/Items/Gold.png using Guid(1da9f2b04608b044eb7f66ef739e8303) Importer(815301076,1909f56bfc062723c751e8b465ee728b)  -> (artifact id: '9d293b1cd5c4b703eeaab134593edfd5') in 0.010861 seconds 
========================================================================
Received Import Request.
  Time since last request: 0.000153 seconds.
  path: Assets/Devion Games/Inventory System/Examples/UI/Items/Nail.png
  artifactKey: Guid(e5cec7d40f0b3224b8ff49b5c174ed93) Importer(815301076,1909f56bfc062723c751e8b465ee728b)
Start importing Assets/Devion Games/Inventory System/Examples/UI/Items/Nail.png using Guid(e5cec7d40f0b3224b8ff49b5c174ed93) Importer(815301076,1909f56bfc062723c751e8b465ee728b)  -> (artifact id: 'a95de326af9bee0cca02d207a836e0b9') in 0.010622 seconds 
========================================================================
Received Import Request.
  Time since last request: 0.000182 seconds.
  path: Assets/Devion Games/Inventory System/Examples/UI/Items/Fishing Rod.png
  artifactKey: Guid(2ce6832fc1867d940ab6f4f871d0df34) Importer(815301076,1909f56bfc062723c751e8b465ee728b)
Start importing Assets/Devion Games/Inventory System/Examples/UI/Items/Fishing Rod.png using Guid(2ce6832fc1867d940ab6f4f871d0df34) Importer(815301076,1909f56bfc062723c751e8b465ee728b)  -> (artifact id: 'b3d901a52d3a30dd12218fa4e4afd732') in 0.011195 seconds 
========================================================================
Received Import Request.
  Time since last request: 0.000191 seconds.
  path: Assets/Devion Games/Inventory System/Examples/UI/Items/Rusty Sword.png
  artifactKey: Guid(5fd50594014b70e48bd6993443d46b32) Importer(815301076,1909f56bfc062723c751e8b465ee728b)
Start importing Assets/Devion Games/Inventory System/Examples/UI/Items/Rusty Sword.png using Guid(5fd50594014b70e48bd6993443d46b32) Importer(815301076,1909f56bfc062723c751e8b465ee728b)  -> (artifact id: '06a8dc9d2c6e10a3054461bb89ff0bf9') in 0.013565 seconds 
========================================================================
Received Import Request.
  Time since last request: 141.238558 seconds.
  path: Assets/Data/Golf Game.asset
  artifactKey: Guid(9b82be2b32d4fdc47867623cb59bcef4) Importer(815301076,1909f56bfc062723c751e8b465ee728b)
Start importing Assets/Data/Golf Game.asset using Guid(9b82be2b32d4fdc47867623cb59bcef4) Importer(815301076,1909f56bfc062723c751e8b465ee728b)  -> (artifact id: '7dbc253ddd5ac18bfe86b2fd1ff71ddc') in 0.003012 seconds 
========================================================================
Received Import Request.
  Time since last request: 10.443407 seconds.
  path: Assets/Data/Equipment.asset
  artifactKey: Guid(9b82be2b32d4fdc47867623cb59bcef4) Importer(815301076,1909f56bfc062723c751e8b465ee728b)
Start importing Assets/Data/Equipment.asset using Guid(9b82be2b32d4fdc47867623cb59bcef4) Importer(815301076,1909f56bfc062723c751e8b465ee728b)  -> (artifact id: '1e74c550eca59c359f38c254427b328b') in 0.005699 seconds 
========================================================================
Received Import Request.
  Time since last request: 260.159759 seconds.
  path: Assets/Data/Equipment.asset
  artifactKey: Guid(9b82be2b32d4fdc47867623cb59bcef4) Importer(815301076,1909f56bfc062723c751e8b465ee728b)
Start importing Assets/Data/Equipment.asset using Guid(9b82be2b32d4fdc47867623cb59bcef4) Importer(815301076,1909f56bfc062723c751e8b465ee728b)  -> (artifact id: '608ebdd9782b617403caec76759e0973') in 0.003668 seconds 
========================================================================
Received Import Request.
  Time since last request: 119.247463 seconds.
  path: Assets/Sprites/Inventory
  artifactKey: Guid(aadc9f977f46f1647aa54a9ea7fd7558) Importer(815301076,1909f56bfc062723c751e8b465ee728b)
Start importing Assets/Sprites/Inventory using Guid(aadc9f977f46f1647aa54a9ea7fd7558) Importer(815301076,1909f56bfc062723c751e8b465ee728b)  -> (artifact id: 'c94e253e6b2f07703eda21721cab4b58') in 0.005983 seconds 
========================================================================
Received Import Request.
  Time since last request: 21.124743 seconds.
  path: Assets/Sprites/Inventory/Currencies
  artifactKey: Guid(2b5576ba8090b2a4d94d6e40d3443720) Importer(815301076,1909f56bfc062723c751e8b465ee728b)
Start importing Assets/Sprites/Inventory/Currencies using Guid(2b5576ba8090b2a4d94d6e40d3443720) Importer(815301076,1909f56bfc062723c751e8b465ee728b)  -> (artifact id: '0fc429dde16236c8b91415f167fd48cf') in 0.006816 seconds 
========================================================================
Received Import Request.
  Time since last request: 9.103249 seconds.
  path: Assets/Sprites/Inventory/Currencies/spritesheet.png
  artifactKey: Guid(ba8b4778c8839cf4c8619d9939f1809f) Importer(815301076,1909f56bfc062723c751e8b465ee728b)
Start importing Assets/Sprites/Inventory/Currencies/spritesheet.png using Guid(ba8b4778c8839cf4c8619d9939f1809f) Importer(815301076,1909f56bfc062723c751e8b465ee728b)  -> (artifact id: '9c58d270fa9fcb64bf5df880a6da16bc') in 0.018186 seconds 
========================================================================
Received Import Request.
  Time since last request: 5.706335 seconds.
  path: Assets/Sprites/Inventory/Currencies/Crystal.png
  artifactKey: Guid(ba8b4778c8839cf4c8619d9939f1809f) Importer(815301076,1909f56bfc062723c751e8b465ee728b)
Start importing Assets/Sprites/Inventory/Currencies/Crystal.png using Guid(ba8b4778c8839cf4c8619d9939f1809f) Importer(815301076,1909f56bfc062723c751e8b465ee728b)  -> (artifact id: 'b43e886220f493af2043ad8aa45d17f8') in 0.016774 seconds 
========================================================================
Received Import Request.
  Time since last request: 169.085698 seconds.
  path: Assets/Sprites/Inventory/Currencies/Crystal.png
  artifactKey: Guid(ba8b4778c8839cf4c8619d9939f1809f) Importer(815301076,1909f56bfc062723c751e8b465ee728b)
Start importing Assets/Sprites/Inventory/Currencies/Crystal.png using Guid(ba8b4778c8839cf4c8619d9939f1809f) Importer(815301076,1909f56bfc062723c751e8b465ee728b)  -> (artifact id: '628679362cc0276e460700306a691602') in 0.010617 seconds 
========================================================================
Received Import Request.
  Time since last request: 79.976355 seconds.
  path: Assets/Sprites/Inventory/Currencies/Crystal.png
  artifactKey: Guid(ba8b4778c8839cf4c8619d9939f1809f) Importer(815301076,1909f56bfc062723c751e8b465ee728b)
Start importing Assets/Sprites/Inventory/Currencies/Crystal.png using Guid(ba8b4778c8839cf4c8619d9939f1809f) Importer(815301076,1909f56bfc062723c751e8b465ee728b)  -> (artifact id: 'b751f03d15c99666d270cc9e4f660df1') in 0.036704 seconds 
========================================================================
Received Import Request.
  Time since last request: 164.829960 seconds.
  path: Assets/Animations/Crystal
  artifactKey: Guid(fd43361547ee20b4286b6f3c6934be7b) Importer(815301076,1909f56bfc062723c751e8b465ee728b)
Start importing Assets/Animations/Crystal using Guid(fd43361547ee20b4286b6f3c6934be7b) Importer(815301076,1909f56bfc062723c751e8b465ee728b)  -> (artifact id: 'b6b4ed25ee662f37cab2180002f5656d') in 0.002014 seconds 
========================================================================
Received Import Request.
  Time since last request: 0.704121 seconds.
  path: Assets/Animations/Crystal/Crystal_0.controller
  artifactKey: Guid(3606cc206550b6a4180c6d02790e8ac6) Importer(815301076,1909f56bfc062723c751e8b465ee728b)
Start importing Assets/Animations/Crystal/Crystal_0.controller using Guid(3606cc206550b6a4180c6d02790e8ac6) Importer(815301076,1909f56bfc062723c751e8b465ee728b)  -> (artifact id: '670a5221c8324fd46eafe77a3e88229f') in 0.009220 seconds 
========================================================================
Received Import Request.
  Time since last request: 1.129346 seconds.
  path: Assets/Animations/Crystal/Crystal.anim
  artifactKey: Guid(ac4a9d5fd8791224b89a924fdf74760c) Importer(815301076,1909f56bfc062723c751e8b465ee728b)
Start importing Assets/Animations/Crystal/Crystal.anim using Guid(ac4a9d5fd8791224b89a924fdf74760c) Importer(815301076,1909f56bfc062723c751e8b465ee728b)  -> (artifact id: '8b4c49da9d9066161a2fc9e2e9395131') in 0.003688 seconds 
========================================================================
Received Prepare
Registering precompiled user dll's ...
Registered in 0.004579 seconds.
Begin MonoManager ReloadAssembly
Native extension for WindowsStandalone target not found
Refreshing native plugins compatible for Editor in 0.87 ms, found 3 plugins.
Preloading 0 native plugins for Editor in 0.00 ms.
Fixing exec order for 
UnityEngine.StackTraceUtility:ExtractStackTrace ()
UnityEngine.DebugLogHandler:LogFormat (UnityEngine.LogType,UnityEngine.Object,string,object[])
UnityEngine.Logger:Log (UnityEngine.LogType,object)
UnityEngine.Debug:Log (object)
DevionGames.StatSystem.ExecutionOrderValidator:.cctor () (at Assets/Devion Games/Stat System/Scripts/Editor/ExecutionOrderValidator.cs:18)
System.Runtime.CompilerServices.RuntimeHelpers:RunClassConstructor (System.RuntimeTypeHandle)
UnityEditor.EditorAssemblies:ProcessInitializeOnLoadAttributes (System.Type[])

(Filename: Assets/Devion Games/Stat System/Scripts/Editor/ExecutionOrderValidator.cs Line: 18)

Mono: successfully reloaded assembly
- Completed reload, in  0.868 seconds
Domain Reload Profiling:
	ReloadAssembly (868ms)
		BeginReloadAssembly (99ms)
			ExecutionOrderSort (0ms)
			DisableScriptedObjects (5ms)
			BackupInstance (0ms)
			ReleaseScriptingObjects (0ms)
			CreateAndSetChildDomain (34ms)
		EndReloadAssembly (712ms)
			LoadAssemblies (72ms)
			RebuildTransferFunctionScriptingTraits (0ms)
			SetupTypeCache (256ms)
			ReleaseScriptCaches (1ms)
			RebuildScriptCaches (38ms)
			SetupLoadedEditorAssemblies (241ms)
				LogAssemblyErrors (0ms)
				InitializePlatformSupportModulesInManaged (4ms)
				SetLoadedEditorAssemblies (0ms)
				RefreshPlugins (1ms)
				BeforeProcessingInitializeOnLoad (49ms)
				ProcessInitializeOnLoadAttributes (175ms)
				ProcessInitializeOnLoadMethodAttributes (7ms)
				AfterProcessingInitializeOnLoad (6ms)
				EditorAssembliesLoaded (0ms)
			ExecutionOrderSort2 (0ms)
			AwakeInstancesAfterBackupRestoration (15ms)
Platform modules already initialized, skipping
Refreshing native plugins compatible for Editor in 0.90 ms, found 3 plugins.
Preloading 0 native plugins for Editor in 0.00 ms.
Unloading 2801 Unused Serialized files (Serialized files now loaded: 0)
System memory in use before: 145.3 MB.
System memory in use after: 145.5 MB.

Unloading 38 unused Assets to reduce memory usage. Loaded Objects now: 3708.
Total: 2.688800 ms (FindLiveObjects: 0.322700 ms CreateObjectMapping: 0.075100 ms MarkObjects: 2.270200 ms  DeleteObjects: 0.019600 ms)

AssetImportParameters requested are different than current active one (requested -> active):
  custom:framework-win-MediaFoundation: 216162199b28c13a410421893ffa2e32 -> 
  custom:video-decoder-ogg-theora: a1e56fd34408186e4bbccfd4996cb3dc -> 
  custom:container-muxer-webm: aa71ff27fc2769a1b78a27578f13a17b -> 
  custom:container-demuxer-webm: 4f35f7cbe854078d1ac9338744f61a02 -> 
  custom:container-demuxer-ogg: 62fdf1f143b41e24485cea50d1cbac27 -> 
  custom:video-encoder-webm-vp8: eb34c28f22e8b96e1ab97ce403110664 -> 
  custom:video-decoder-webm-vp8: 9c59270c3fd7afecdb556c50c9e8de78 -> 
  custom:audio-decoder-ogg-vorbis: bf7c407c2cedff20999df2af8eb42d56 -> 
  custom:audio-encoder-webm-vorbis: bf7c407c2cedff20999df2af8eb42d56 -> 
========================================================================
Received Import Request.
  Time since last request: 8.849571 seconds.
  path: Assets/Animations/Crystal/Secret Slot.controller
  artifactKey: Guid(20dbd6cc352db764ca79263174eeb119) Importer(815301076,1909f56bfc062723c751e8b465ee728b)
Start importing Assets/Animations/Crystal/Secret Slot.controller using Guid(20dbd6cc352db764ca79263174eeb119) Importer(815301076,1909f56bfc062723c751e8b465ee728b)  -> (artifact id: '9eda8e0238ac75ac47cec6a87a86ab7c') in 0.017825 seconds 
========================================================================
Received Prepare
Registering precompiled user dll's ...
Registered in 0.004936 seconds.
Begin MonoManager ReloadAssembly
Native extension for WindowsStandalone target not found
Refreshing native plugins compatible for Editor in 0.86 ms, found 3 plugins.
Preloading 0 native plugins for Editor in 0.00 ms.
Fixing exec order for 
UnityEngine.StackTraceUtility:ExtractStackTrace ()
UnityEngine.DebugLogHandler:LogFormat (UnityEngine.LogType,UnityEngine.Object,string,object[])
UnityEngine.Logger:Log (UnityEngine.LogType,object)
UnityEngine.Debug:Log (object)
DevionGames.StatSystem.ExecutionOrderValidator:.cctor () (at Assets/Devion Games/Stat System/Scripts/Editor/ExecutionOrderValidator.cs:18)
System.Runtime.CompilerServices.RuntimeHelpers:RunClassConstructor (System.RuntimeTypeHandle)
UnityEditor.EditorAssemblies:ProcessInitializeOnLoadAttributes (System.Type[])

(Filename: Assets/Devion Games/Stat System/Scripts/Editor/ExecutionOrderValidator.cs Line: 18)

Mono: successfully reloaded assembly
- Completed reload, in  0.869 seconds
Domain Reload Profiling:
	ReloadAssembly (869ms)
		BeginReloadAssembly (102ms)
			ExecutionOrderSort (0ms)
			DisableScriptedObjects (8ms)
			BackupInstance (0ms)
			ReleaseScriptingObjects (0ms)
			CreateAndSetChildDomain (33ms)
		EndReloadAssembly (712ms)
			LoadAssemblies (72ms)
			RebuildTransferFunctionScriptingTraits (0ms)
			SetupTypeCache (261ms)
			ReleaseScriptCaches (1ms)
			RebuildScriptCaches (38ms)
			SetupLoadedEditorAssemblies (241ms)
				LogAssemblyErrors (0ms)
				InitializePlatformSupportModulesInManaged (4ms)
				SetLoadedEditorAssemblies (0ms)
				RefreshPlugins (1ms)
				BeforeProcessingInitializeOnLoad (48ms)
				ProcessInitializeOnLoadAttributes (175ms)
				ProcessInitializeOnLoadMethodAttributes (7ms)
				AfterProcessingInitializeOnLoad (6ms)
				EditorAssembliesLoaded (0ms)
			ExecutionOrderSort2 (0ms)
			AwakeInstancesAfterBackupRestoration (14ms)
Platform modules already initialized, skipping
Refreshing native plugins compatible for Editor in 0.88 ms, found 3 plugins.
Preloading 0 native plugins for Editor in 0.00 ms.
Unloading 2775 Unused Serialized files (Serialized files now loaded: 0)
System memory in use before: 144.2 MB.
System memory in use after: 144.4 MB.

Unloading 38 unused Assets to reduce memory usage. Loaded Objects now: 3713.
Total: 2.612100 ms (FindLiveObjects: 0.297900 ms CreateObjectMapping: 0.071500 ms MarkObjects: 2.224000 ms  DeleteObjects: 0.017700 ms)

AssetImportParameters requested are different than current active one (requested -> active):
  custom:framework-win-MediaFoundation: 216162199b28c13a410421893ffa2e32 -> 
  custom:video-decoder-ogg-theora: a1e56fd34408186e4bbccfd4996cb3dc -> 
  custom:container-muxer-webm: aa71ff27fc2769a1b78a27578f13a17b -> 
  custom:container-demuxer-webm: 4f35f7cbe854078d1ac9338744f61a02 -> 
  custom:container-demuxer-ogg: 62fdf1f143b41e24485cea50d1cbac27 -> 
  custom:video-encoder-webm-vp8: eb34c28f22e8b96e1ab97ce403110664 -> 
  custom:video-decoder-webm-vp8: 9c59270c3fd7afecdb556c50c9e8de78 -> 
  custom:audio-decoder-ogg-vorbis: bf7c407c2cedff20999df2af8eb42d56 -> 
  custom:audio-encoder-webm-vorbis: bf7c407c2cedff20999df2af8eb42d56 -> 
========================================================================
Received Prepare
Registering precompiled user dll's ...
Registered in 0.004842 seconds.
Begin MonoManager ReloadAssembly
Native extension for WindowsStandalone target not found
Refreshing native plugins compatible for Editor in 0.86 ms, found 3 plugins.
Preloading 0 native plugins for Editor in 0.00 ms.
Fixing exec order for 
UnityEngine.StackTraceUtility:ExtractStackTrace ()
UnityEngine.DebugLogHandler:LogFormat (UnityEngine.LogType,UnityEngine.Object,string,object[])
UnityEngine.Logger:Log (UnityEngine.LogType,object)
UnityEngine.Debug:Log (object)
DevionGames.StatSystem.ExecutionOrderValidator:.cctor () (at Assets/Devion Games/Stat System/Scripts/Editor/ExecutionOrderValidator.cs:18)
System.Runtime.CompilerServices.RuntimeHelpers:RunClassConstructor (System.RuntimeTypeHandle)
UnityEditor.EditorAssemblies:ProcessInitializeOnLoadAttributes (System.Type[])

(Filename: Assets/Devion Games/Stat System/Scripts/Editor/ExecutionOrderValidator.cs Line: 18)

Mono: successfully reloaded assembly
- Completed reload, in  0.870 seconds
Domain Reload Profiling:
	ReloadAssembly (870ms)
		BeginReloadAssembly (98ms)
			ExecutionOrderSort (0ms)
			DisableScriptedObjects (8ms)
			BackupInstance (0ms)
			ReleaseScriptingObjects (0ms)
			CreateAndSetChildDomain (32ms)
		EndReloadAssembly (717ms)
			LoadAssemblies (73ms)
			RebuildTransferFunctionScriptingTraits (0ms)
			SetupTypeCache (257ms)
			ReleaseScriptCaches (1ms)
			RebuildScriptCaches (39ms)
			SetupLoadedEditorAssemblies (247ms)
				LogAssemblyErrors (0ms)
				InitializePlatformSupportModulesInManaged (4ms)
				SetLoadedEditorAssemblies (0ms)
				RefreshPlugins (1ms)
				BeforeProcessingInitializeOnLoad (48ms)
				ProcessInitializeOnLoadAttributes (180ms)
				ProcessInitializeOnLoadMethodAttributes (7ms)
				AfterProcessingInitializeOnLoad (6ms)
				EditorAssembliesLoaded (0ms)
			ExecutionOrderSort2 (0ms)
			AwakeInstancesAfterBackupRestoration (15ms)
Platform modules already initialized, skipping
Refreshing native plugins compatible for Editor in 0.88 ms, found 3 plugins.
Preloading 0 native plugins for Editor in 0.00 ms.
Unloading 2775 Unused Serialized files (Serialized files now loaded: 0)
System memory in use before: 144.2 MB.
System memory in use after: 144.4 MB.

Unloading 38 unused Assets to reduce memory usage. Loaded Objects now: 3718.
Total: 2.630500 ms (FindLiveObjects: 0.309200 ms CreateObjectMapping: 0.074000 ms MarkObjects: 2.222800 ms  DeleteObjects: 0.023700 ms)

AssetImportParameters requested are different than current active one (requested -> active):
  custom:framework-win-MediaFoundation: 216162199b28c13a410421893ffa2e32 -> 
  custom:video-decoder-ogg-theora: a1e56fd34408186e4bbccfd4996cb3dc -> 
  custom:container-muxer-webm: aa71ff27fc2769a1b78a27578f13a17b -> 
  custom:container-demuxer-webm: 4f35f7cbe854078d1ac9338744f61a02 -> 
  custom:container-demuxer-ogg: 62fdf1f143b41e24485cea50d1cbac27 -> 
  custom:video-encoder-webm-vp8: eb34c28f22e8b96e1ab97ce403110664 -> 
  custom:video-decoder-webm-vp8: 9c59270c3fd7afecdb556c50c9e8de78 -> 
  custom:audio-decoder-ogg-vorbis: bf7c407c2cedff20999df2af8eb42d56 -> 
  custom:audio-encoder-webm-vorbis: bf7c407c2cedff20999df2af8eb42d56 -> 
========================================================================
Received Import Request.
  Time since last request: 445.959490 seconds.
  path: Assets/Sprites/Inventory/Currencies/Crystal.png
  artifactKey: Guid(ba8b4778c8839cf4c8619d9939f1809f) Importer(815301076,1909f56bfc062723c751e8b465ee728b)
Start importing Assets/Sprites/Inventory/Currencies/Crystal.png using Guid(ba8b4778c8839cf4c8619d9939f1809f) Importer(815301076,1909f56bfc062723c751e8b465ee728b)  -> (artifact id: '8216a91bf86ad6b2f8ecaccb31c95582') in 0.047324 seconds 
========================================================================
Received Import Request.
  Time since last request: 111.248065 seconds.
  path: Assets/Sprites/Inventory/Currencies/Crystal.png
  artifactKey: Guid(ba8b4778c8839cf4c8619d9939f1809f) Importer(815301076,1909f56bfc062723c751e8b465ee728b)
Start importing Assets/Sprites/Inventory/Currencies/Crystal.png using Guid(ba8b4778c8839cf4c8619d9939f1809f) Importer(815301076,1909f56bfc062723c751e8b465ee728b)  -> (artifact id: 'fb462c52a1286f10d405f40ce42bfa5e') in 0.022552 seconds 
========================================================================
Received Prepare
Registering precompiled user dll's ...
Registered in 0.004663 seconds.
Begin MonoManager ReloadAssembly
Native extension for WindowsStandalone target not found
Refreshing native plugins compatible for Editor in 0.91 ms, found 3 plugins.
Preloading 0 native plugins for Editor in 0.00 ms.
Fixing exec order for 
UnityEngine.StackTraceUtility:ExtractStackTrace ()
UnityEngine.DebugLogHandler:LogFormat (UnityEngine.LogType,UnityEngine.Object,string,object[])
UnityEngine.Logger:Log (UnityEngine.LogType,object)
UnityEngine.Debug:Log (object)
DevionGames.StatSystem.ExecutionOrderValidator:.cctor () (at Assets/Devion Games/Stat System/Scripts/Editor/ExecutionOrderValidator.cs:18)
System.Runtime.CompilerServices.RuntimeHelpers:RunClassConstructor (System.RuntimeTypeHandle)
UnityEditor.EditorAssemblies:ProcessInitializeOnLoadAttributes (System.Type[])

(Filename: Assets/Devion Games/Stat System/Scripts/Editor/ExecutionOrderValidator.cs Line: 18)

Mono: successfully reloaded assembly
- Completed reload, in  0.875 seconds
Domain Reload Profiling:
	ReloadAssembly (875ms)
		BeginReloadAssembly (105ms)
			ExecutionOrderSort (0ms)
			DisableScriptedObjects (7ms)
			BackupInstance (0ms)
			ReleaseScriptingObjects (0ms)
			CreateAndSetChildDomain (33ms)
		EndReloadAssembly (715ms)
			LoadAssemblies (73ms)
			RebuildTransferFunctionScriptingTraits (0ms)
			SetupTypeCache (259ms)
			ReleaseScriptCaches (1ms)
			RebuildScriptCaches (38ms)
			SetupLoadedEditorAssemblies (245ms)
				LogAssemblyErrors (0ms)
				InitializePlatformSupportModulesInManaged (4ms)
				SetLoadedEditorAssemblies (0ms)
				RefreshPlugins (1ms)
				BeforeProcessingInitializeOnLoad (49ms)
				ProcessInitializeOnLoadAttributes (178ms)
				ProcessInitializeOnLoadMethodAttributes (7ms)
				AfterProcessingInitializeOnLoad (6ms)
				EditorAssembliesLoaded (0ms)
			ExecutionOrderSort2 (0ms)
			AwakeInstancesAfterBackupRestoration (15ms)
Platform modules already initialized, skipping
Refreshing native plugins compatible for Editor in 0.89 ms, found 3 plugins.
Preloading 0 native plugins for Editor in 0.00 ms.
Unloading 2775 Unused Serialized files (Serialized files now loaded: 0)
System memory in use before: 145.1 MB.
System memory in use after: 145.3 MB.

Unloading 38 unused Assets to reduce memory usage. Loaded Objects now: 3754.
Total: 2.657200 ms (FindLiveObjects: 0.328900 ms CreateObjectMapping: 0.073900 ms MarkObjects: 2.232200 ms  DeleteObjects: 0.021300 ms)

AssetImportParameters requested are different than current active one (requested -> active):
  custom:framework-win-MediaFoundation: 216162199b28c13a410421893ffa2e32 -> 
  custom:video-decoder-ogg-theora: a1e56fd34408186e4bbccfd4996cb3dc -> 
  custom:container-muxer-webm: aa71ff27fc2769a1b78a27578f13a17b -> 
  custom:container-demuxer-webm: 4f35f7cbe854078d1ac9338744f61a02 -> 
  custom:container-demuxer-ogg: 62fdf1f143b41e24485cea50d1cbac27 -> 
  custom:video-encoder-webm-vp8: eb34c28f22e8b96e1ab97ce403110664 -> 
  custom:video-decoder-webm-vp8: 9c59270c3fd7afecdb556c50c9e8de78 -> 
  custom:audio-decoder-ogg-vorbis: bf7c407c2cedff20999df2af8eb42d56 -> 
  custom:audio-encoder-webm-vorbis: bf7c407c2cedff20999df2af8eb42d56 -> 
========================================================================
Received Prepare
Registering precompiled user dll's ...
Registered in 0.004695 seconds.
Begin MonoManager ReloadAssembly
Native extension for WindowsStandalone target not found
Refreshing native plugins compatible for Editor in 0.92 ms, found 3 plugins.
Preloading 0 native plugins for Editor in 0.00 ms.
Fixing exec order for 
UnityEngine.StackTraceUtility:ExtractStackTrace ()
UnityEngine.DebugLogHandler:LogFormat (UnityEngine.LogType,UnityEngine.Object,string,object[])
UnityEngine.Logger:Log (UnityEngine.LogType,object)
UnityEngine.Debug:Log (object)
DevionGames.StatSystem.ExecutionOrderValidator:.cctor () (at Assets/Devion Games/Stat System/Scripts/Editor/ExecutionOrderValidator.cs:18)
System.Runtime.CompilerServices.RuntimeHelpers:RunClassConstructor (System.RuntimeTypeHandle)
UnityEditor.EditorAssemblies:ProcessInitializeOnLoadAttributes (System.Type[])

(Filename: Assets/Devion Games/Stat System/Scripts/Editor/ExecutionOrderValidator.cs Line: 18)

Mono: successfully reloaded assembly
- Completed reload, in  0.919 seconds
Domain Reload Profiling:
	ReloadAssembly (920ms)
		BeginReloadAssembly (118ms)
			ExecutionOrderSort (0ms)
			DisableScriptedObjects (10ms)
			BackupInstance (0ms)
			ReleaseScriptingObjects (0ms)
			CreateAndSetChildDomain (35ms)
		EndReloadAssembly (743ms)
			LoadAssemblies (76ms)
			RebuildTransferFunctionScriptingTraits (0ms)
			SetupTypeCache (272ms)
			ReleaseScriptCaches (1ms)
			RebuildScriptCaches (43ms)
			SetupLoadedEditorAssemblies (250ms)
				LogAssemblyErrors (0ms)
				InitializePlatformSupportModulesInManaged (4ms)
				SetLoadedEditorAssemblies (0ms)
				RefreshPlugins (1ms)
				BeforeProcessingInitializeOnLoad (52ms)
				ProcessInitializeOnLoadAttributes (179ms)
				ProcessInitializeOnLoadMethodAttributes (7ms)
				AfterProcessingInitializeOnLoad (6ms)
				EditorAssembliesLoaded (0ms)
			ExecutionOrderSort2 (0ms)
			AwakeInstancesAfterBackupRestoration (15ms)
Platform modules already initialized, skipping
Refreshing native plugins compatible for Editor in 0.87 ms, found 3 plugins.
Preloading 0 native plugins for Editor in 0.00 ms.
Unloading 2775 Unused Serialized files (Serialized files now loaded: 0)
System memory in use before: 145.1 MB.
System memory in use after: 145.3 MB.

Unloading 38 unused Assets to reduce memory usage. Loaded Objects now: 3759.
Total: 2.613100 ms (FindLiveObjects: 0.312600 ms CreateObjectMapping: 0.072000 ms MarkObjects: 2.210800 ms  DeleteObjects: 0.016900 ms)

AssetImportParameters requested are different than current active one (requested -> active):
  custom:framework-win-MediaFoundation: 216162199b28c13a410421893ffa2e32 -> 
  custom:video-decoder-ogg-theora: a1e56fd34408186e4bbccfd4996cb3dc -> 
  custom:container-muxer-webm: aa71ff27fc2769a1b78a27578f13a17b -> 
  custom:container-demuxer-webm: 4f35f7cbe854078d1ac9338744f61a02 -> 
  custom:container-demuxer-ogg: 62fdf1f143b41e24485cea50d1cbac27 -> 
  custom:video-encoder-webm-vp8: eb34c28f22e8b96e1ab97ce403110664 -> 
  custom:video-decoder-webm-vp8: 9c59270c3fd7afecdb556c50c9e8de78 -> 
  custom:audio-decoder-ogg-vorbis: bf7c407c2cedff20999df2af8eb42d56 -> 
  custom:audio-encoder-webm-vorbis: bf7c407c2cedff20999df2af8eb42d56 -> 
========================================================================
Received Import Request.
  Time since last request: 380.295791 seconds.
  path: Assets/Devion Games/Inventory System/Scripts/Runtime/ItemCollection.cs
  artifactKey: Guid(68165cdf1896c89479a91b2478670c0a) Importer(815301076,1909f56bfc062723c751e8b465ee728b)
Start importing Assets/Devion Games/Inventory System/Scripts/Runtime/ItemCollection.cs using Guid(68165cdf1896c89479a91b2478670c0a) Importer(815301076,1909f56bfc062723c751e8b465ee728b)  -> (artifact id: 'ea8bfaec56ef052445289bfbe1e8e962') in 0.019324 seconds 
========================================================================
Received Prepare
Registering precompiled user dll's ...
Registered in 0.004796 seconds.
Begin MonoManager ReloadAssembly
Native extension for WindowsStandalone target not found
Refreshing native plugins compatible for Editor in 0.88 ms, found 3 plugins.
Preloading 0 native plugins for Editor in 0.00 ms.
Fixing exec order for 
UnityEngine.StackTraceUtility:ExtractStackTrace ()
UnityEngine.DebugLogHandler:LogFormat (UnityEngine.LogType,UnityEngine.Object,string,object[])
UnityEngine.Logger:Log (UnityEngine.LogType,object)
UnityEngine.Debug:Log (object)
DevionGames.StatSystem.ExecutionOrderValidator:.cctor () (at Assets/Devion Games/Stat System/Scripts/Editor/ExecutionOrderValidator.cs:18)
System.Runtime.CompilerServices.RuntimeHelpers:RunClassConstructor (System.RuntimeTypeHandle)
UnityEditor.EditorAssemblies:ProcessInitializeOnLoadAttributes (System.Type[])

(Filename: Assets/Devion Games/Stat System/Scripts/Editor/ExecutionOrderValidator.cs Line: 18)

Mono: successfully reloaded assembly
- Completed reload, in  0.867 seconds
Domain Reload Profiling:
	ReloadAssembly (867ms)
		BeginReloadAssembly (105ms)
			ExecutionOrderSort (0ms)
			DisableScriptedObjects (8ms)
			BackupInstance (0ms)
			ReleaseScriptingObjects (0ms)
			CreateAndSetChildDomain (32ms)
		EndReloadAssembly (706ms)
			LoadAssemblies (72ms)
			RebuildTransferFunctionScriptingTraits (0ms)
			SetupTypeCache (254ms)
			ReleaseScriptCaches (1ms)
			RebuildScriptCaches (38ms)
			SetupLoadedEditorAssemblies (242ms)
				LogAssemblyErrors (0ms)
				InitializePlatformSupportModulesInManaged (4ms)
				SetLoadedEditorAssemblies (0ms)
				RefreshPlugins (1ms)
				BeforeProcessingInitializeOnLoad (48ms)
				ProcessInitializeOnLoadAttributes (176ms)
				ProcessInitializeOnLoadMethodAttributes (7ms)
				AfterProcessingInitializeOnLoad (6ms)
				EditorAssembliesLoaded (0ms)
			ExecutionOrderSort2 (0ms)
			AwakeInstancesAfterBackupRestoration (15ms)
Platform modules already initialized, skipping
Refreshing native plugins compatible for Editor in 0.88 ms, found 3 plugins.
Preloading 0 native plugins for Editor in 0.00 ms.
Unloading 2775 Unused Serialized files (Serialized files now loaded: 0)
System memory in use before: 145.1 MB.
System memory in use after: 145.3 MB.

Unloading 38 unused Assets to reduce memory usage. Loaded Objects now: 3764.
Total: 2.615900 ms (FindLiveObjects: 0.320200 ms CreateObjectMapping: 0.070900 ms MarkObjects: 2.206500 ms  DeleteObjects: 0.017100 ms)

AssetImportParameters requested are different than current active one (requested -> active):
  custom:framework-win-MediaFoundation: 216162199b28c13a410421893ffa2e32 -> 
  custom:video-decoder-ogg-theora: a1e56fd34408186e4bbccfd4996cb3dc -> 
  custom:container-muxer-webm: aa71ff27fc2769a1b78a27578f13a17b -> 
  custom:container-demuxer-webm: 4f35f7cbe854078d1ac9338744f61a02 -> 
  custom:container-demuxer-ogg: 62fdf1f143b41e24485cea50d1cbac27 -> 
  custom:video-encoder-webm-vp8: eb34c28f22e8b96e1ab97ce403110664 -> 
  custom:video-decoder-webm-vp8: 9c59270c3fd7afecdb556c50c9e8de78 -> 
  custom:audio-decoder-ogg-vorbis: bf7c407c2cedff20999df2af8eb42d56 -> 
  custom:audio-encoder-webm-vorbis: bf7c407c2cedff20999df2af8eb42d56 -> 
========================================================================
Received Import Request.
  Time since last request: 80.804955 seconds.
  path: Assets/Devion Games/Inventory System/Scripts/Runtime/ItemCollectionPopulator.cs
  artifactKey: Guid(e29feedc1ae74594585d58b82bbc4bab) Importer(815301076,1909f56bfc062723c751e8b465ee728b)
Start importing Assets/Devion Games/Inventory System/Scripts/Runtime/ItemCollectionPopulator.cs using Guid(e29feedc1ae74594585d58b82bbc4bab) Importer(815301076,1909f56bfc062723c751e8b465ee728b)  -> (artifact id: 'f8e41799612e5f0e70cb4142fda87a78') in 0.009927 seconds 
========================================================================
Received Import Request.
  Time since last request: 15.675185 seconds.
  path: Assets/Devion Games/Inventory System/Examples/Databases/Modifiers/BigCoinStackModifier.asset
  artifactKey: Guid(30aa125b8630d1040a1a0644e92043bc) Importer(815301076,1909f56bfc062723c751e8b465ee728b)
Start importing Assets/Devion Games/Inventory System/Examples/Databases/Modifiers/BigCoinStackModifier.asset using Guid(30aa125b8630d1040a1a0644e92043bc) Importer(815301076,1909f56bfc062723c751e8b465ee728b)  -> (artifact id: '626a16e6931602d9f5dfcf754fcde01f') in 0.017436 seconds 
========================================================================
Received Import Request.
  Time since last request: 0.000173 seconds.
  path: Assets/Devion Games/Inventory System/Examples/Databases/Modifiers/MiddleCoinStackModifier.asset
  artifactKey: Guid(3ee6c47a014529047b6a10d1f6fab53f) Importer(815301076,1909f56bfc062723c751e8b465ee728b)
Start importing Assets/Devion Games/Inventory System/Examples/Databases/Modifiers/MiddleCoinStackModifier.asset using Guid(3ee6c47a014529047b6a10d1f6fab53f) Importer(815301076,1909f56bfc062723c751e8b465ee728b)  -> (artifact id: 'b3f43618eb8291444719cc698a4fc6bc') in 0.006569 seconds 
========================================================================
Received Import Request.
  Time since last request: 0.000189 seconds.
  path: Assets/Devion Games/Inventory System/Examples/Databases/Modifiers/SimpleRarityModifier.asset
  artifactKey: Guid(af5120ca8702be44fb59b6eadcd27cd0) Importer(815301076,1909f56bfc062723c751e8b465ee728b)
Start importing Assets/Devion Games/Inventory System/Examples/Databases/Modifiers/SimpleRarityModifier.asset using Guid(af5120ca8702be44fb59b6eadcd27cd0) Importer(815301076,1909f56bfc062723c751e8b465ee728b)  -> (artifact id: '6e06f8487e80f1207d5177150230538c') in 0.009066 seconds 
========================================================================
Received Import Request.
  Time since last request: 0.000139 seconds.
  path: Assets/Devion Games/Inventory System/Examples/Databases/Modifiers/PercentPropertyModifier.asset
  artifactKey: Guid(9118000452b16de4681aa942ee7b7797) Importer(815301076,1909f56bfc062723c751e8b465ee728b)
Start importing Assets/Devion Games/Inventory System/Examples/Databases/Modifiers/PercentPropertyModifier.asset using Guid(9118000452b16de4681aa942ee7b7797) Importer(815301076,1909f56bfc062723c751e8b465ee728b)  -> (artifact id: '42a9adec2b4d1777dd0710578e1b5b17') in 0.006891 seconds 
========================================================================
Received Import Request.
  Time since last request: 0.000165 seconds.
  path: Assets/Devion Games/Inventory System/Examples/Databases/Modifiers/SmallCoinStackModifier.asset
  artifactKey: Guid(3451d08e25b81ff4eb586aa4fb61a191) Importer(815301076,1909f56bfc062723c751e8b465ee728b)
Start importing Assets/Devion Games/Inventory System/Examples/Databases/Modifiers/SmallCoinStackModifier.asset using Guid(3451d08e25b81ff4eb586aa4fb61a191) Importer(815301076,1909f56bfc062723c751e8b465ee728b)  -> (artifact id: '8955efbb970ef7ca07826ef078306623') in 0.007241 seconds 
========================================================================
Received Import Request.
  Time since last request: 0.000158 seconds.
  path: Assets/Devion Games/Inventory System/Examples/Databases/Modifiers/FlatPropertyModifier.asset
  artifactKey: Guid(51ac90cf6263a1a479a1bad8f43f1dfd) Importer(815301076,1909f56bfc062723c751e8b465ee728b)
Start importing Assets/Devion Games/Inventory System/Examples/Databases/Modifiers/FlatPropertyModifier.asset using Guid(51ac90cf6263a1a479a1bad8f43f1dfd) Importer(815301076,1909f56bfc062723c751e8b465ee728b)  -> (artifact id: '3e4f76ccf922ec3c2f376254bf33e6e4') in 0.006494 seconds 
========================================================================
Received Import Request.
  Time since last request: 117.440200 seconds.
  path: ProjectSettings/TagManager.asset
  artifactKey: Guid(00000000000000003000000000000000) Importer(815301076,1909f56bfc062723c751e8b465ee728b)
Start importing ProjectSettings/TagManager.asset using Guid(00000000000000003000000000000000) Importer(815301076,1909f56bfc062723c751e8b465ee728b)  -> (artifact id: 'd377d83fe21daa914f894e0a5210d425') in 0.007125 seconds 
========================================================================
Received Prepare
Registering precompiled user dll's ...
Registered in 0.004798 seconds.
Begin MonoManager ReloadAssembly
Native extension for WindowsStandalone target not found
Refreshing native plugins compatible for Editor in 0.91 ms, found 3 plugins.
Preloading 0 native plugins for Editor in 0.00 ms.
Fixing exec order for 
UnityEngine.StackTraceUtility:ExtractStackTrace ()
UnityEngine.DebugLogHandler:LogFormat (UnityEngine.LogType,UnityEngine.Object,string,object[])
UnityEngine.Logger:Log (UnityEngine.LogType,object)
UnityEngine.Debug:Log (object)
DevionGames.StatSystem.ExecutionOrderValidator:.cctor () (at Assets/Devion Games/Stat System/Scripts/Editor/ExecutionOrderValidator.cs:18)
System.Runtime.CompilerServices.RuntimeHelpers:RunClassConstructor (System.RuntimeTypeHandle)
UnityEditor.EditorAssemblies:ProcessInitializeOnLoadAttributes (System.Type[])

(Filename: Assets/Devion Games/Stat System/Scripts/Editor/ExecutionOrderValidator.cs Line: 18)

Mono: successfully reloaded assembly
- Completed reload, in  0.912 seconds
Domain Reload Profiling:
	ReloadAssembly (912ms)
		BeginReloadAssembly (104ms)
			ExecutionOrderSort (0ms)
			DisableScriptedObjects (8ms)
			BackupInstance (0ms)
			ReleaseScriptingObjects (0ms)
			CreateAndSetChildDomain (33ms)
		EndReloadAssembly (751ms)
			LoadAssemblies (75ms)
			RebuildTransferFunctionScriptingTraits (0ms)
			SetupTypeCache (271ms)
			ReleaseScriptCaches (1ms)
			RebuildScriptCaches (40ms)
			SetupLoadedEditorAssemblies (258ms)
				LogAssemblyErrors (0ms)
				InitializePlatformSupportModulesInManaged (4ms)
				SetLoadedEditorAssemblies (0ms)
				RefreshPlugins (1ms)
				BeforeProcessingInitializeOnLoad (50ms)
				ProcessInitializeOnLoadAttributes (189ms)
				ProcessInitializeOnLoadMethodAttributes (8ms)
				AfterProcessingInitializeOnLoad (6ms)
				EditorAssembliesLoaded (0ms)
			ExecutionOrderSort2 (0ms)
			AwakeInstancesAfterBackupRestoration (16ms)
Platform modules already initialized, skipping
Refreshing native plugins compatible for Editor in 0.89 ms, found 3 plugins.
Preloading 0 native plugins for Editor in 0.00 ms.
Unloading 2775 Unused Serialized files (Serialized files now loaded: 0)
System memory in use before: 145.1 MB.
System memory in use after: 145.4 MB.

Unloading 39 unused Assets to reduce memory usage. Loaded Objects now: 3769.
Total: 2.782700 ms (FindLiveObjects: 0.362100 ms CreateObjectMapping: 0.076600 ms MarkObjects: 2.320600 ms  DeleteObjects: 0.022500 ms)

AssetImportParameters requested are different than current active one (requested -> active):
  custom:framework-win-MediaFoundation: 216162199b28c13a410421893ffa2e32 -> 
  custom:video-decoder-ogg-theora: a1e56fd34408186e4bbccfd4996cb3dc -> 
  custom:container-muxer-webm: aa71ff27fc2769a1b78a27578f13a17b -> 
  custom:container-demuxer-webm: 4f35f7cbe854078d1ac9338744f61a02 -> 
  custom:container-demuxer-ogg: 62fdf1f143b41e24485cea50d1cbac27 -> 
  custom:video-encoder-webm-vp8: eb34c28f22e8b96e1ab97ce403110664 -> 
  custom:video-decoder-webm-vp8: 9c59270c3fd7afecdb556c50c9e8de78 -> 
  custom:audio-decoder-ogg-vorbis: bf7c407c2cedff20999df2af8eb42d56 -> 
  custom:audio-encoder-webm-vorbis: bf7c407c2cedff20999df2af8eb42d56 -> 
========================================================================
Received Prepare
Registering precompiled user dll's ...
Registered in 0.004484 seconds.
Begin MonoManager ReloadAssembly
Native extension for WindowsStandalone target not found
Refreshing native plugins compatible for Editor in 0.91 ms, found 3 plugins.
Preloading 0 native plugins for Editor in 0.00 ms.
Fixing exec order for 
UnityEngine.StackTraceUtility:ExtractStackTrace ()
UnityEngine.DebugLogHandler:LogFormat (UnityEngine.LogType,UnityEngine.Object,string,object[])
UnityEngine.Logger:Log (UnityEngine.LogType,object)
UnityEngine.Debug:Log (object)
DevionGames.StatSystem.ExecutionOrderValidator:.cctor () (at Assets/Devion Games/Stat System/Scripts/Editor/ExecutionOrderValidator.cs:18)
System.Runtime.CompilerServices.RuntimeHelpers:RunClassConstructor (System.RuntimeTypeHandle)
UnityEditor.EditorAssemblies:ProcessInitializeOnLoadAttributes (System.Type[])

(Filename: Assets/Devion Games/Stat System/Scripts/Editor/ExecutionOrderValidator.cs Line: 18)

Mono: successfully reloaded assembly
- Completed reload, in  0.844 seconds
Domain Reload Profiling:
	ReloadAssembly (844ms)
		BeginReloadAssembly (99ms)
			ExecutionOrderSort (0ms)
			DisableScriptedObjects (8ms)
			BackupInstance (0ms)
			ReleaseScriptingObjects (0ms)
			CreateAndSetChildDomain (31ms)
		EndReloadAssembly (690ms)
			LoadAssemblies (71ms)
			RebuildTransferFunctionScriptingTraits (0ms)
			SetupTypeCache (249ms)
			ReleaseScriptCaches (1ms)
			RebuildScriptCaches (37ms)
			SetupLoadedEditorAssemblies (236ms)
				LogAssemblyErrors (0ms)
				InitializePlatformSupportModulesInManaged (4ms)
				SetLoadedEditorAssemblies (0ms)
				RefreshPlugins (1ms)
				BeforeProcessingInitializeOnLoad (48ms)
				ProcessInitializeOnLoadAttributes (171ms)
				ProcessInitializeOnLoadMethodAttributes (7ms)
				AfterProcessingInitializeOnLoad (6ms)
				EditorAssembliesLoaded (0ms)
			ExecutionOrderSort2 (0ms)
			AwakeInstancesAfterBackupRestoration (14ms)
Platform modules already initialized, skipping
Refreshing native plugins compatible for Editor in 0.89 ms, found 3 plugins.
Preloading 0 native plugins for Editor in 0.00 ms.
Unloading 2775 Unused Serialized files (Serialized files now loaded: 0)
System memory in use before: 145.1 MB.
System memory in use after: 145.4 MB.

Unloading 38 unused Assets to reduce memory usage. Loaded Objects now: 3774.
Total: 2.637700 ms (FindLiveObjects: 0.316800 ms CreateObjectMapping: 0.073300 ms MarkObjects: 2.228400 ms  DeleteObjects: 0.018200 ms)

AssetImportParameters requested are different than current active one (requested -> active):
  custom:framework-win-MediaFoundation: 216162199b28c13a410421893ffa2e32 -> 
  custom:video-decoder-ogg-theora: a1e56fd34408186e4bbccfd4996cb3dc -> 
  custom:container-muxer-webm: aa71ff27fc2769a1b78a27578f13a17b -> 
  custom:container-demuxer-webm: 4f35f7cbe854078d1ac9338744f61a02 -> 
  custom:container-demuxer-ogg: 62fdf1f143b41e24485cea50d1cbac27 -> 
  custom:video-encoder-webm-vp8: eb34c28f22e8b96e1ab97ce403110664 -> 
  custom:video-decoder-webm-vp8: 9c59270c3fd7afecdb556c50c9e8de78 -> 
  custom:audio-decoder-ogg-vorbis: bf7c407c2cedff20999df2af8eb42d56 -> 
  custom:audio-encoder-webm-vorbis: bf7c407c2cedff20999df2af8eb42d56 -> 
========================================================================
Received Import Request.
  Time since last request: 351.227004 seconds.
  path: Assets/Data/Equipment.asset
  artifactKey: Guid(9b82be2b32d4fdc47867623cb59bcef4) Importer(815301076,1909f56bfc062723c751e8b465ee728b)
Start importing Assets/Data/Equipment.asset using Guid(9b82be2b32d4fdc47867623cb59bcef4) Importer(815301076,1909f56bfc062723c751e8b465ee728b)  -> (artifact id: 'e47e0f9b0d5207c6881f143460ca5fa4') in 0.023611 seconds 
========================================================================
Received Import Request.
  Time since last request: 15.539948 seconds.
  path: Assets/Scripts/Player Scripts/PlayerBehaviour.cs
  artifactKey: Guid(a47cd65f8347ede4f8202c5954b23825) Importer(815301076,1909f56bfc062723c751e8b465ee728b)
Start importing Assets/Scripts/Player Scripts/PlayerBehaviour.cs using Guid(a47cd65f8347ede4f8202c5954b23825) Importer(815301076,1909f56bfc062723c751e8b465ee728b)  -> (artifact id: '0649f9befdd20956cfde63d4c11b9883') in 0.006495 seconds 
========================================================================
Received Import Request.
  Time since last request: 221.058608 seconds.
  path: Assets/Action
  artifactKey: Guid(2c6a664cf406f1d46a2dab58e834cb69) Importer(815301076,1909f56bfc062723c751e8b465ee728b)
Start importing Assets/Action using Guid(2c6a664cf406f1d46a2dab58e834cb69) Importer(815301076,1909f56bfc062723c751e8b465ee728b)  -> (artifact id: 'e34161c1d6f2a953e697a7bbb53f64ef') in 0.006133 seconds 
========================================================================
Received Import Request.
  Time since last request: 24.601946 seconds.
  path: Assets/Action/Heal.asset
  artifactKey: Guid(d04bb56396973c94fa00cfe9599a7cde) Importer(815301076,1909f56bfc062723c751e8b465ee728b)
Start importing Assets/Action/Heal.asset using Guid(d04bb56396973c94fa00cfe9599a7cde) Importer(815301076,1909f56bfc062723c751e8b465ee728b)  -> (artifact id: 'a75a003615a2691552682a0d5fddbef0') in 0.007781 seconds 
========================================================================
Received Prepare
Registering precompiled user dll's ...
Registered in 0.004700 seconds.
Begin MonoManager ReloadAssembly
Native extension for WindowsStandalone target not found
Refreshing native plugins compatible for Editor in 1.06 ms, found 3 plugins.
Preloading 0 native plugins for Editor in 0.00 ms.
Fixing exec order for 
UnityEngine.StackTraceUtility:ExtractStackTrace ()
UnityEngine.DebugLogHandler:LogFormat (UnityEngine.LogType,UnityEngine.Object,string,object[])
UnityEngine.Logger:Log (UnityEngine.LogType,object)
UnityEngine.Debug:Log (object)
DevionGames.StatSystem.ExecutionOrderValidator:.cctor () (at Assets/Devion Games/Stat System/Scripts/Editor/ExecutionOrderValidator.cs:18)
System.Runtime.CompilerServices.RuntimeHelpers:RunClassConstructor (System.RuntimeTypeHandle)
UnityEditor.EditorAssemblies:ProcessInitializeOnLoadAttributes (System.Type[])

(Filename: Assets/Devion Games/Stat System/Scripts/Editor/ExecutionOrderValidator.cs Line: 18)

Mono: successfully reloaded assembly
- Completed reload, in  0.899 seconds
Domain Reload Profiling:
	ReloadAssembly (900ms)
		BeginReloadAssembly (111ms)
			ExecutionOrderSort (0ms)
			DisableScriptedObjects (8ms)
			BackupInstance (0ms)
			ReleaseScriptingObjects (0ms)
			CreateAndSetChildDomain (35ms)
		EndReloadAssembly (732ms)
			LoadAssemblies (74ms)
			RebuildTransferFunctionScriptingTraits (0ms)
			SetupTypeCache (268ms)
			ReleaseScriptCaches (1ms)
			RebuildScriptCaches (39ms)
			SetupLoadedEditorAssemblies (247ms)
				LogAssemblyErrors (0ms)
				InitializePlatformSupportModulesInManaged (5ms)
				SetLoadedEditorAssemblies (0ms)
				RefreshPlugins (1ms)
				BeforeProcessingInitializeOnLoad (52ms)
				ProcessInitializeOnLoadAttributes (176ms)
				ProcessInitializeOnLoadMethodAttributes (7ms)
				AfterProcessingInitializeOnLoad (6ms)
				EditorAssembliesLoaded (0ms)
			ExecutionOrderSort2 (0ms)
			AwakeInstancesAfterBackupRestoration (15ms)
Platform modules already initialized, skipping
Refreshing native plugins compatible for Editor in 0.85 ms, found 3 plugins.
Preloading 0 native plugins for Editor in 0.00 ms.
Unloading 2775 Unused Serialized files (Serialized files now loaded: 0)
System memory in use before: 145.2 MB.
System memory in use after: 145.4 MB.

Unloading 38 unused Assets to reduce memory usage. Loaded Objects now: 3779.
Total: 2.764600 ms (FindLiveObjects: 0.309200 ms CreateObjectMapping: 0.072100 ms MarkObjects: 2.363700 ms  DeleteObjects: 0.018800 ms)

AssetImportParameters requested are different than current active one (requested -> active):
  custom:framework-win-MediaFoundation: 216162199b28c13a410421893ffa2e32 -> 
  custom:video-decoder-ogg-theora: a1e56fd34408186e4bbccfd4996cb3dc -> 
  custom:container-muxer-webm: aa71ff27fc2769a1b78a27578f13a17b -> 
  custom:container-demuxer-webm: 4f35f7cbe854078d1ac9338744f61a02 -> 
  custom:container-demuxer-ogg: 62fdf1f143b41e24485cea50d1cbac27 -> 
  custom:video-encoder-webm-vp8: eb34c28f22e8b96e1ab97ce403110664 -> 
  custom:video-decoder-webm-vp8: 9c59270c3fd7afecdb556c50c9e8de78 -> 
  custom:audio-decoder-ogg-vorbis: bf7c407c2cedff20999df2af8eb42d56 -> 
  custom:audio-encoder-webm-vorbis: bf7c407c2cedff20999df2af8eb42d56 -> 
========================================================================
Received Prepare
Registering precompiled user dll's ...
Registered in 0.004839 seconds.
Begin MonoManager ReloadAssembly
Native extension for WindowsStandalone target not found
Refreshing native plugins compatible for Editor in 0.89 ms, found 3 plugins.
Preloading 0 native plugins for Editor in 0.00 ms.
Fixing exec order for 
UnityEngine.StackTraceUtility:ExtractStackTrace ()
UnityEngine.DebugLogHandler:LogFormat (UnityEngine.LogType,UnityEngine.Object,string,object[])
UnityEngine.Logger:Log (UnityEngine.LogType,object)
UnityEngine.Debug:Log (object)
DevionGames.StatSystem.ExecutionOrderValidator:.cctor () (at Assets/Devion Games/Stat System/Scripts/Editor/ExecutionOrderValidator.cs:18)
System.Runtime.CompilerServices.RuntimeHelpers:RunClassConstructor (System.RuntimeTypeHandle)
UnityEditor.EditorAssemblies:ProcessInitializeOnLoadAttributes (System.Type[])

(Filename: Assets/Devion Games/Stat System/Scripts/Editor/ExecutionOrderValidator.cs Line: 18)

Mono: successfully reloaded assembly
- Completed reload, in  0.854 seconds
Domain Reload Profiling:
	ReloadAssembly (854ms)
		BeginReloadAssembly (107ms)
			ExecutionOrderSort (0ms)
			DisableScriptedObjects (8ms)
			BackupInstance (0ms)
			ReleaseScriptingObjects (0ms)
			CreateAndSetChildDomain (31ms)
		EndReloadAssembly (693ms)
			LoadAssemblies (71ms)
			RebuildTransferFunctionScriptingTraits (0ms)
			SetupTypeCache (253ms)
			ReleaseScriptCaches (1ms)
			RebuildScriptCaches (37ms)
			SetupLoadedEditorAssemblies (236ms)
				LogAssemblyErrors (0ms)
				InitializePlatformSupportModulesInManaged (4ms)
				SetLoadedEditorAssemblies (0ms)
				RefreshPlugins (1ms)
				BeforeProcessingInitializeOnLoad (47ms)
				ProcessInitializeOnLoadAttributes (171ms)
				ProcessInitializeOnLoadMethodAttributes (7ms)
				AfterProcessingInitializeOnLoad (6ms)
				EditorAssembliesLoaded (0ms)
			ExecutionOrderSort2 (0ms)
			AwakeInstancesAfterBackupRestoration (14ms)
Platform modules already initialized, skipping
Refreshing native plugins compatible for Editor in 0.86 ms, found 3 plugins.
Preloading 0 native plugins for Editor in 0.00 ms.
Unloading 2775 Unused Serialized files (Serialized files now loaded: 0)
System memory in use before: 145.2 MB.
System memory in use after: 145.4 MB.

Unloading 38 unused Assets to reduce memory usage. Loaded Objects now: 3784.
Total: 2.669500 ms (FindLiveObjects: 0.310400 ms CreateObjectMapping: 0.072300 ms MarkObjects: 2.266000 ms  DeleteObjects: 0.020100 ms)

AssetImportParameters requested are different than current active one (requested -> active):
  custom:framework-win-MediaFoundation: 216162199b28c13a410421893ffa2e32 -> 
  custom:video-decoder-ogg-theora: a1e56fd34408186e4bbccfd4996cb3dc -> 
  custom:container-muxer-webm: aa71ff27fc2769a1b78a27578f13a17b -> 
  custom:container-demuxer-webm: 4f35f7cbe854078d1ac9338744f61a02 -> 
  custom:container-demuxer-ogg: 62fdf1f143b41e24485cea50d1cbac27 -> 
  custom:video-encoder-webm-vp8: eb34c28f22e8b96e1ab97ce403110664 -> 
  custom:video-decoder-webm-vp8: 9c59270c3fd7afecdb556c50c9e8de78 -> 
  custom:audio-decoder-ogg-vorbis: bf7c407c2cedff20999df2af8eb42d56 -> 
  custom:audio-encoder-webm-vorbis: bf7c407c2cedff20999df2af8eb42d56 -> 
========================================================================
Received Prepare
Registering precompiled user dll's ...
Registered in 0.004732 seconds.
Begin MonoManager ReloadAssembly
Native extension for WindowsStandalone target not found
Refreshing native plugins compatible for Editor in 0.87 ms, found 3 plugins.
Preloading 0 native plugins for Editor in 0.00 ms.
Fixing exec order for 
UnityEngine.StackTraceUtility:ExtractStackTrace ()
UnityEngine.DebugLogHandler:LogFormat (UnityEngine.LogType,UnityEngine.Object,string,object[])
UnityEngine.Logger:Log (UnityEngine.LogType,object)
UnityEngine.Debug:Log (object)
DevionGames.StatSystem.ExecutionOrderValidator:.cctor () (at Assets/Devion Games/Stat System/Scripts/Editor/ExecutionOrderValidator.cs:18)
System.Runtime.CompilerServices.RuntimeHelpers:RunClassConstructor (System.RuntimeTypeHandle)
UnityEditor.EditorAssemblies:ProcessInitializeOnLoadAttributes (System.Type[])

(Filename: Assets/Devion Games/Stat System/Scripts/Editor/ExecutionOrderValidator.cs Line: 18)

Mono: successfully reloaded assembly
- Completed reload, in  0.866 seconds
Domain Reload Profiling:
	ReloadAssembly (866ms)
		BeginReloadAssembly (109ms)
			ExecutionOrderSort (0ms)
			DisableScriptedObjects (8ms)
			BackupInstance (0ms)
			ReleaseScriptingObjects (0ms)
			CreateAndSetChildDomain (32ms)
		EndReloadAssembly (703ms)
			LoadAssemblies (73ms)
			RebuildTransferFunctionScriptingTraits (0ms)
			SetupTypeCache (255ms)
			ReleaseScriptCaches (1ms)
			RebuildScriptCaches (37ms)
			SetupLoadedEditorAssemblies (240ms)
				LogAssemblyErrors (0ms)
				InitializePlatformSupportModulesInManaged (4ms)
				SetLoadedEditorAssemblies (0ms)
				RefreshPlugins (1ms)
				BeforeProcessingInitializeOnLoad (47ms)
				ProcessInitializeOnLoadAttributes (175ms)
				ProcessInitializeOnLoadMethodAttributes (7ms)
				AfterProcessingInitializeOnLoad (6ms)
				EditorAssembliesLoaded (0ms)
			ExecutionOrderSort2 (0ms)
			AwakeInstancesAfterBackupRestoration (14ms)
Platform modules already initialized, skipping
Refreshing native plugins compatible for Editor in 0.88 ms, found 3 plugins.
Preloading 0 native plugins for Editor in 0.00 ms.
Unloading 2775 Unused Serialized files (Serialized files now loaded: 0)
System memory in use before: 145.3 MB.
System memory in use after: 145.5 MB.

Unloading 38 unused Assets to reduce memory usage. Loaded Objects now: 3789.
Total: 2.666500 ms (FindLiveObjects: 0.313800 ms CreateObjectMapping: 0.074200 ms MarkObjects: 2.257100 ms  DeleteObjects: 0.020600 ms)

AssetImportParameters requested are different than current active one (requested -> active):
  custom:framework-win-MediaFoundation: 216162199b28c13a410421893ffa2e32 -> 
  custom:video-decoder-ogg-theora: a1e56fd34408186e4bbccfd4996cb3dc -> 
  custom:container-muxer-webm: aa71ff27fc2769a1b78a27578f13a17b -> 
  custom:container-demuxer-webm: 4f35f7cbe854078d1ac9338744f61a02 -> 
  custom:container-demuxer-ogg: 62fdf1f143b41e24485cea50d1cbac27 -> 
  custom:video-encoder-webm-vp8: eb34c28f22e8b96e1ab97ce403110664 -> 
  custom:video-decoder-webm-vp8: 9c59270c3fd7afecdb556c50c9e8de78 -> 
  custom:audio-decoder-ogg-vorbis: bf7c407c2cedff20999df2af8eb42d56 -> 
  custom:audio-encoder-webm-vorbis: bf7c407c2cedff20999df2af8eb42d56 -> 
AssetImportWorkerClient::OnTransportError - code=2 error=End of file
